  BossScene.cpp
C:\Users\kirit\source\repos\WireAction2D\program\vector2d.h(220,20): warning C4244: '=': 'T' から 'T' への変換です。データが失われる可能性があります。
C:\Users\kirit\source\repos\WireAction2D\program\vector2d.h(220,20): warning C4244:         with
C:\Users\kirit\source\repos\WireAction2D\program\vector2d.h(220,20): warning C4244:         [
C:\Users\kirit\source\repos\WireAction2D\program\vector2d.h(220,20): warning C4244:             T=float
C:\Users\kirit\source\repos\WireAction2D\program\vector2d.h(220,20): warning C4244:         ]
C:\Users\kirit\source\repos\WireAction2D\program\vector2d.h(220,20): warning C4244:         and
C:\Users\kirit\source\repos\WireAction2D\program\vector2d.h(220,20): warning C4244:         [
C:\Users\kirit\source\repos\WireAction2D\program\vector2d.h(220,20): warning C4244:             T=int
C:\Users\kirit\source\repos\WireAction2D\program\vector2d.h(220,20): warning C4244:         ]
  (ソース ファイル 'program/BossScene.cpp' をコンパイルしています)
      C:\Users\kirit\source\repos\WireAction2D\program\vector2d.h(220,20):
      テンプレートインスタンス化コンテキスト (最初に最も古いもの) は
          C:\Users\kirit\source\repos\WireAction2D\program\BossScene.cpp(22,97):
          コンパイル対象の関数 テンプレート インスタンス化 'Vector2D<int> operator /<float>(const Vector2D<float> &,const int &)' のリファレンスを確認してください
  
C:\Users\kirit\source\repos\WireAction2D\program\vector2d.h(221,20): warning C4244: '=': 'T' から 'T' への変換です。データが失われる可能性があります。
C:\Users\kirit\source\repos\WireAction2D\program\vector2d.h(221,20): warning C4244:         with
C:\Users\kirit\source\repos\WireAction2D\program\vector2d.h(221,20): warning C4244:         [
C:\Users\kirit\source\repos\WireAction2D\program\vector2d.h(221,20): warning C4244:             T=float
C:\Users\kirit\source\repos\WireAction2D\program\vector2d.h(221,20): warning C4244:         ]
C:\Users\kirit\source\repos\WireAction2D\program\vector2d.h(221,20): warning C4244:         and
C:\Users\kirit\source\repos\WireAction2D\program\vector2d.h(221,20): warning C4244:         [
C:\Users\kirit\source\repos\WireAction2D\program\vector2d.h(221,20): warning C4244:             T=int
C:\Users\kirit\source\repos\WireAction2D\program\vector2d.h(221,20): warning C4244:         ]
  (ソース ファイル 'program/BossScene.cpp' をコンパイルしています)
  
  ColliderSystem.cpp
  DebugScene.cpp
C:\Users\kirit\source\repos\WireAction2D\program\vector2d.h(220,20): warning C4244: '=': 'T' から 'T' への変換です。データが失われる可能性があります。
C:\Users\kirit\source\repos\WireAction2D\program\vector2d.h(220,20): warning C4244:         with
C:\Users\kirit\source\repos\WireAction2D\program\vector2d.h(220,20): warning C4244:         [
C:\Users\kirit\source\repos\WireAction2D\program\vector2d.h(220,20): warning C4244:             T=float
C:\Users\kirit\source\repos\WireAction2D\program\vector2d.h(220,20): warning C4244:         ]
C:\Users\kirit\source\repos\WireAction2D\program\vector2d.h(220,20): warning C4244:         and
C:\Users\kirit\source\repos\WireAction2D\program\vector2d.h(220,20): warning C4244:         [
C:\Users\kirit\source\repos\WireAction2D\program\vector2d.h(220,20): warning C4244:             T=int
C:\Users\kirit\source\repos\WireAction2D\program\vector2d.h(220,20): warning C4244:         ]
  (ソース ファイル 'program/DebugScene.cpp' をコンパイルしています)
      C:\Users\kirit\source\repos\WireAction2D\program\vector2d.h(220,20):
      テンプレートインスタンス化コンテキスト (最初に最も古いもの) は
          C:\Users\kirit\source\repos\WireAction2D\program\DebugScene.cpp(21,97):
          コンパイル対象の関数 テンプレート インスタンス化 'Vector2D<int> operator /<float>(const Vector2D<float> &,const int &)' のリファレンスを確認してください
  
C:\Users\kirit\source\repos\WireAction2D\program\vector2d.h(221,20): warning C4244: '=': 'T' から 'T' への変換です。データが失われる可能性があります。
C:\Users\kirit\source\repos\WireAction2D\program\vector2d.h(221,20): warning C4244:         with
C:\Users\kirit\source\repos\WireAction2D\program\vector2d.h(221,20): warning C4244:         [
C:\Users\kirit\source\repos\WireAction2D\program\vector2d.h(221,20): warning C4244:             T=float
C:\Users\kirit\source\repos\WireAction2D\program\vector2d.h(221,20): warning C4244:         ]
C:\Users\kirit\source\repos\WireAction2D\program\vector2d.h(221,20): warning C4244:         and
C:\Users\kirit\source\repos\WireAction2D\program\vector2d.h(221,20): warning C4244:         [
C:\Users\kirit\source\repos\WireAction2D\program\vector2d.h(221,20): warning C4244:             T=int
C:\Users\kirit\source\repos\WireAction2D\program\vector2d.h(221,20): warning C4244:         ]
  (ソース ファイル 'program/DebugScene.cpp' をコンパイルしています)
  
  DrawGraphComp.cpp
C:\Users\kirit\source\repos\WireAction2D\program\vector2d.h(220,20): warning C4244: '=': 'T' から 'T' への変換です。データが失われる可能性があります。
C:\Users\kirit\source\repos\WireAction2D\program\vector2d.h(220,20): warning C4244:         with
C:\Users\kirit\source\repos\WireAction2D\program\vector2d.h(220,20): warning C4244:         [
C:\Users\kirit\source\repos\WireAction2D\program\vector2d.h(220,20): warning C4244:             T=float
C:\Users\kirit\source\repos\WireAction2D\program\vector2d.h(220,20): warning C4244:         ]
C:\Users\kirit\source\repos\WireAction2D\program\vector2d.h(220,20): warning C4244:         and
C:\Users\kirit\source\repos\WireAction2D\program\vector2d.h(220,20): warning C4244:         [
C:\Users\kirit\source\repos\WireAction2D\program\vector2d.h(220,20): warning C4244:             T=int
C:\Users\kirit\source\repos\WireAction2D\program\vector2d.h(220,20): warning C4244:         ]
  (ソース ファイル 'program/DrawGraphComp.cpp' をコンパイルしています)
      C:\Users\kirit\source\repos\WireAction2D\program\vector2d.h(220,20):
      テンプレートインスタンス化コンテキスト (最初に最も古いもの) は
          C:\Users\kirit\source\repos\WireAction2D\program\DrawGraphComp.cpp(17,57):
          コンパイル対象の関数 テンプレート インスタンス化 'Vector2D<int> operator /<float>(const Vector2D<float> &,const int &)' のリファレンスを確認してください
  
C:\Users\kirit\source\repos\WireAction2D\program\vector2d.h(221,20): warning C4244: '=': 'T' から 'T' への変換です。データが失われる可能性があります。
C:\Users\kirit\source\repos\WireAction2D\program\vector2d.h(221,20): warning C4244:         with
C:\Users\kirit\source\repos\WireAction2D\program\vector2d.h(221,20): warning C4244:         [
C:\Users\kirit\source\repos\WireAction2D\program\vector2d.h(221,20): warning C4244:             T=float
C:\Users\kirit\source\repos\WireAction2D\program\vector2d.h(221,20): warning C4244:         ]
C:\Users\kirit\source\repos\WireAction2D\program\vector2d.h(221,20): warning C4244:         and
C:\Users\kirit\source\repos\WireAction2D\program\vector2d.h(221,20): warning C4244:         [
C:\Users\kirit\source\repos\WireAction2D\program\vector2d.h(221,20): warning C4244:             T=int
C:\Users\kirit\source\repos\WireAction2D\program\vector2d.h(221,20): warning C4244:         ]
  (ソース ファイル 'program/DrawGraphComp.cpp' をコンパイルしています)
  
  GameManager.cpp
C:\Users\kirit\source\repos\WireAction2D\program\BoxButton.h(28,61): warning C4267: '引数': 'size_t' から 'int' に変換しました。データが失われているかもしれません。
  (ソース ファイル 'program/GameManager.cpp' をコンパイルしています)
  
  Goal.cpp
  Gun.cpp
C:\Users\kirit\source\repos\WireAction2D\program\health.h(42,19): warning C4244: 'return': 'int' から 'float' への変換です。データが失われる可能性があります。
  (ソース ファイル 'program/Gun.cpp' をコンパイルしています)
  
C:\Users\kirit\source\repos\WireAction2D\program\hp.h(47,21): warning C4244: 'return': 'int' から 'float' への変換です。データが失われる可能性があります。
  (ソース ファイル 'program/Gun.cpp' をコンパイルしています)
  
C:\Users\kirit\source\repos\WireAction2D\program\vector2d.h(220,20): warning C4244: '=': 'T' から 'T' への変換です。データが失われる可能性があります。
C:\Users\kirit\source\repos\WireAction2D\program\vector2d.h(220,20): warning C4244:         with
C:\Users\kirit\source\repos\WireAction2D\program\vector2d.h(220,20): warning C4244:         [
C:\Users\kirit\source\repos\WireAction2D\program\vector2d.h(220,20): warning C4244:             T=float
C:\Users\kirit\source\repos\WireAction2D\program\vector2d.h(220,20): warning C4244:         ]
C:\Users\kirit\source\repos\WireAction2D\program\vector2d.h(220,20): warning C4244:         and
C:\Users\kirit\source\repos\WireAction2D\program\vector2d.h(220,20): warning C4244:         [
C:\Users\kirit\source\repos\WireAction2D\program\vector2d.h(220,20): warning C4244:             T=int
C:\Users\kirit\source\repos\WireAction2D\program\vector2d.h(220,20): warning C4244:         ]
  (ソース ファイル 'program/Gun.cpp' をコンパイルしています)
      C:\Users\kirit\source\repos\WireAction2D\program\vector2d.h(220,20):
      テンプレートインスタンス化コンテキスト (最初に最も古いもの) は
          C:\Users\kirit\source\repos\WireAction2D\program\Gun.cpp(144,107):
          コンパイル対象の関数 テンプレート インスタンス化 'Vector2D<int> operator /<float>(const Vector2D<float> &,const int &)' のリファレンスを確認してください
  
C:\Users\kirit\source\repos\WireAction2D\program\vector2d.h(221,20): warning C4244: '=': 'T' から 'T' への変換です。データが失われる可能性があります。
C:\Users\kirit\source\repos\WireAction2D\program\vector2d.h(221,20): warning C4244:         with
C:\Users\kirit\source\repos\WireAction2D\program\vector2d.h(221,20): warning C4244:         [
C:\Users\kirit\source\repos\WireAction2D\program\vector2d.h(221,20): warning C4244:             T=float
C:\Users\kirit\source\repos\WireAction2D\program\vector2d.h(221,20): warning C4244:         ]
C:\Users\kirit\source\repos\WireAction2D\program\vector2d.h(221,20): warning C4244:         and
C:\Users\kirit\source\repos\WireAction2D\program\vector2d.h(221,20): warning C4244:         [
C:\Users\kirit\source\repos\WireAction2D\program\vector2d.h(221,20): warning C4244:             T=int
C:\Users\kirit\source\repos\WireAction2D\program\vector2d.h(221,20): warning C4244:         ]
  (ソース ファイル 'program/Gun.cpp' をコンパイルしています)
  
  InGameScene.cpp
C:\Users\kirit\source\repos\WireAction2D\program\BoxButton.h(28,61): warning C4267: '引数': 'size_t' から 'int' に変換しました。データが失われているかもしれません。
  (ソース ファイル 'program/InGameScene.cpp' をコンパイルしています)
  
C:\Users\kirit\source\repos\WireAction2D\program\vector2d.h(220,20): warning C4244: '=': 'T' から 'T' への変換です。データが失われる可能性があります。
C:\Users\kirit\source\repos\WireAction2D\program\vector2d.h(220,20): warning C4244:         with
C:\Users\kirit\source\repos\WireAction2D\program\vector2d.h(220,20): warning C4244:         [
C:\Users\kirit\source\repos\WireAction2D\program\vector2d.h(220,20): warning C4244:             T=float
C:\Users\kirit\source\repos\WireAction2D\program\vector2d.h(220,20): warning C4244:         ]
C:\Users\kirit\source\repos\WireAction2D\program\vector2d.h(220,20): warning C4244:         and
C:\Users\kirit\source\repos\WireAction2D\program\vector2d.h(220,20): warning C4244:         [
C:\Users\kirit\source\repos\WireAction2D\program\vector2d.h(220,20): warning C4244:             T=int
C:\Users\kirit\source\repos\WireAction2D\program\vector2d.h(220,20): warning C4244:         ]
  (ソース ファイル 'program/InGameScene.cpp' をコンパイルしています)
      C:\Users\kirit\source\repos\WireAction2D\program\vector2d.h(220,20):
      テンプレートインスタンス化コンテキスト (最初に最も古いもの) は
          C:\Users\kirit\source\repos\WireAction2D\program\InGameScene.cpp(46,97):
          コンパイル対象の関数 テンプレート インスタンス化 'Vector2D<int> operator /<float>(const Vector2D<float> &,const int &)' のリファレンスを確認してください
  
C:\Users\kirit\source\repos\WireAction2D\program\vector2d.h(221,20): warning C4244: '=': 'T' から 'T' への変換です。データが失われる可能性があります。
C:\Users\kirit\source\repos\WireAction2D\program\vector2d.h(221,20): warning C4244:         with
C:\Users\kirit\source\repos\WireAction2D\program\vector2d.h(221,20): warning C4244:         [
C:\Users\kirit\source\repos\WireAction2D\program\vector2d.h(221,20): warning C4244:             T=float
C:\Users\kirit\source\repos\WireAction2D\program\vector2d.h(221,20): warning C4244:         ]
C:\Users\kirit\source\repos\WireAction2D\program\vector2d.h(221,20): warning C4244:         and
C:\Users\kirit\source\repos\WireAction2D\program\vector2d.h(221,20): warning C4244:         [
C:\Users\kirit\source\repos\WireAction2D\program\vector2d.h(221,20): warning C4244:             T=int
C:\Users\kirit\source\repos\WireAction2D\program\vector2d.h(221,20): warning C4244:         ]
  (ソース ファイル 'program/InGameScene.cpp' をコンパイルしています)
  
  Needle.cpp
  Player.cpp
C:\Users\kirit\source\repos\WireAction2D\program\hp.h(47,21): warning C4244: 'return': 'int' から 'float' への変換です。データが失われる可能性があります。
  (ソース ファイル 'program/Player.cpp' をコンパイルしています)
  
C:\Users\kirit\source\repos\WireAction2D\program\dive wire.h(52,58): warning C4305: '初期化中': 'double' から 'const float' へ切り詰めます。
  (ソース ファイル 'program/Player.cpp' をコンパイルしています)
  
C:\Users\kirit\source\repos\WireAction2D\program\ui_health.h(33,37): warning C4244: '初期化中': 'int' から 'const float' への変換です。データが失われる可能性があります。
  (ソース ファイル 'program/Player.cpp' をコンパイルしています)
  
C:\Users\kirit\source\repos\WireAction2D\program\health.h(42,19): warning C4244: 'return': 'int' から 'float' への変換です。データが失われる可能性があります。
  (ソース ファイル 'program/Player.cpp' をコンパイルしています)
  
C:\Users\kirit\source\repos\WireAction2D\program\vector2d.h(169,20): warning C4244: '=': 'N' から 'T' への変換です。データが失われる可能性があります。
C:\Users\kirit\source\repos\WireAction2D\program\vector2d.h(169,20): warning C4244:         with
C:\Users\kirit\source\repos\WireAction2D\program\vector2d.h(169,20): warning C4244:         [
C:\Users\kirit\source\repos\WireAction2D\program\vector2d.h(169,20): warning C4244:             N=double
C:\Users\kirit\source\repos\WireAction2D\program\vector2d.h(169,20): warning C4244:         ]
C:\Users\kirit\source\repos\WireAction2D\program\vector2d.h(169,20): warning C4244:         and
C:\Users\kirit\source\repos\WireAction2D\program\vector2d.h(169,20): warning C4244:         [
C:\Users\kirit\source\repos\WireAction2D\program\vector2d.h(169,20): warning C4244:             T=float
C:\Users\kirit\source\repos\WireAction2D\program\vector2d.h(169,20): warning C4244:         ]
  (ソース ファイル 'program/Player.cpp' をコンパイルしています)
      C:\Users\kirit\source\repos\WireAction2D\program\vector2d.h(169,20):
      テンプレートインスタンス化コンテキスト (最初に最も古いもの) は
          C:\Users\kirit\source\repos\WireAction2D\program\RigidbodyComp.h(37,53):
          コンパイル対象の関数 テンプレート インスタンス化 'Vector2D<float> operator *<float,double>(const Vector2D<float> &,const N &)' のリファレンスを確認してください
          with
          [
              N=double
          ]
  
C:\Users\kirit\source\repos\WireAction2D\program\vector2d.h(170,20): warning C4244: '=': 'N' から 'T' への変換です。データが失われる可能性があります。
C:\Users\kirit\source\repos\WireAction2D\program\vector2d.h(170,20): warning C4244:         with
C:\Users\kirit\source\repos\WireAction2D\program\vector2d.h(170,20): warning C4244:         [
C:\Users\kirit\source\repos\WireAction2D\program\vector2d.h(170,20): warning C4244:             N=double
C:\Users\kirit\source\repos\WireAction2D\program\vector2d.h(170,20): warning C4244:         ]
C:\Users\kirit\source\repos\WireAction2D\program\vector2d.h(170,20): warning C4244:         and
C:\Users\kirit\source\repos\WireAction2D\program\vector2d.h(170,20): warning C4244:         [
C:\Users\kirit\source\repos\WireAction2D\program\vector2d.h(170,20): warning C4244:             T=float
C:\Users\kirit\source\repos\WireAction2D\program\vector2d.h(170,20): warning C4244:         ]
  (ソース ファイル 'program/Player.cpp' をコンパイルしています)
  
  PointSaver.cpp
C:\Users\kirit\source\repos\WireAction2D\program\PointSaver.cpp(21,28): warning C4244: '=': 'T' から 'T' への変換です。データが失われる可能性があります。
C:\Users\kirit\source\repos\WireAction2D\program\PointSaver.cpp(21,28): warning C4244:         with
C:\Users\kirit\source\repos\WireAction2D\program\PointSaver.cpp(21,28): warning C4244:         [
C:\Users\kirit\source\repos\WireAction2D\program\PointSaver.cpp(21,28): warning C4244:             T=float
C:\Users\kirit\source\repos\WireAction2D\program\PointSaver.cpp(21,28): warning C4244:         ]
C:\Users\kirit\source\repos\WireAction2D\program\PointSaver.cpp(21,28): warning C4244:         and
C:\Users\kirit\source\repos\WireAction2D\program\PointSaver.cpp(21,28): warning C4244:         [
C:\Users\kirit\source\repos\WireAction2D\program\PointSaver.cpp(21,28): warning C4244:             T=int
C:\Users\kirit\source\repos\WireAction2D\program\PointSaver.cpp(21,28): warning C4244:         ]
C:\Users\kirit\source\repos\WireAction2D\program\PointSaver.cpp(22,28): warning C4244: '=': 'T' から 'T' への変換です。データが失われる可能性があります。
C:\Users\kirit\source\repos\WireAction2D\program\PointSaver.cpp(22,28): warning C4244:         with
C:\Users\kirit\source\repos\WireAction2D\program\PointSaver.cpp(22,28): warning C4244:         [
C:\Users\kirit\source\repos\WireAction2D\program\PointSaver.cpp(22,28): warning C4244:             T=float
C:\Users\kirit\source\repos\WireAction2D\program\PointSaver.cpp(22,28): warning C4244:         ]
C:\Users\kirit\source\repos\WireAction2D\program\PointSaver.cpp(22,28): warning C4244:         and
C:\Users\kirit\source\repos\WireAction2D\program\PointSaver.cpp(22,28): warning C4244:         [
C:\Users\kirit\source\repos\WireAction2D\program\PointSaver.cpp(22,28): warning C4244:             T=int
C:\Users\kirit\source\repos\WireAction2D\program\PointSaver.cpp(22,28): warning C4244:         ]
  Scythe.cpp
C:\Users\kirit\source\repos\WireAction2D\program\vector2d.h(220,20): warning C4244: '=': 'T' から 'T' への変換です。データが失われる可能性があります。
C:\Users\kirit\source\repos\WireAction2D\program\vector2d.h(220,20): warning C4244:         with
C:\Users\kirit\source\repos\WireAction2D\program\vector2d.h(220,20): warning C4244:         [
C:\Users\kirit\source\repos\WireAction2D\program\vector2d.h(220,20): warning C4244:             T=float
C:\Users\kirit\source\repos\WireAction2D\program\vector2d.h(220,20): warning C4244:         ]
C:\Users\kirit\source\repos\WireAction2D\program\vector2d.h(220,20): warning C4244:         and
C:\Users\kirit\source\repos\WireAction2D\program\vector2d.h(220,20): warning C4244:         [
C:\Users\kirit\source\repos\WireAction2D\program\vector2d.h(220,20): warning C4244:             T=int
C:\Users\kirit\source\repos\WireAction2D\program\vector2d.h(220,20): warning C4244:         ]
  (ソース ファイル 'program/Scythe.cpp' をコンパイルしています)
      C:\Users\kirit\source\repos\WireAction2D\program\vector2d.h(220,20):
      テンプレートインスタンス化コンテキスト (最初に最も古いもの) は
          C:\Users\kirit\source\repos\WireAction2D\program\Scythe.cpp(105,56):
          コンパイル対象の関数 テンプレート インスタンス化 'Vector2D<int> operator /<float>(const Vector2D<float> &,const int &)' のリファレンスを確認してください
  
C:\Users\kirit\source\repos\WireAction2D\program\vector2d.h(221,20): warning C4244: '=': 'T' から 'T' への変換です。データが失われる可能性があります。
C:\Users\kirit\source\repos\WireAction2D\program\vector2d.h(221,20): warning C4244:         with
C:\Users\kirit\source\repos\WireAction2D\program\vector2d.h(221,20): warning C4244:         [
C:\Users\kirit\source\repos\WireAction2D\program\vector2d.h(221,20): warning C4244:             T=float
C:\Users\kirit\source\repos\WireAction2D\program\vector2d.h(221,20): warning C4244:         ]
C:\Users\kirit\source\repos\WireAction2D\program\vector2d.h(221,20): warning C4244:         and
C:\Users\kirit\source\repos\WireAction2D\program\vector2d.h(221,20): warning C4244:         [
C:\Users\kirit\source\repos\WireAction2D\program\vector2d.h(221,20): warning C4244:             T=int
C:\Users\kirit\source\repos\WireAction2D\program\vector2d.h(221,20): warning C4244:         ]
  (ソース ファイル 'program/Scythe.cpp' をコンパイルしています)
  
  SwingWire.cpp
C:\Users\kirit\source\repos\WireAction2D\program\hp.h(47,21): warning C4244: 'return': 'int' から 'float' への変換です。データが失われる可能性があります。
  (ソース ファイル 'program/SwingWire.cpp' をコンパイルしています)
  
C:\Users\kirit\source\repos\WireAction2D\program\SwingWire.cpp(91,21): warning C4244: '+=': 'double' から 'float' への変換です。データが失われる可能性があります。
C:\Users\kirit\source\repos\WireAction2D\program\SwingWire.cpp(92,22): warning C4244: '+=': 'double' から 'float' への変換です。データが失われる可能性があります。
C:\Users\kirit\source\repos\WireAction2D\program\vector2d.h(169,20): warning C4244: '=': 'N' から 'T' への変換です。データが失われる可能性があります。
C:\Users\kirit\source\repos\WireAction2D\program\vector2d.h(169,20): warning C4244:         with
C:\Users\kirit\source\repos\WireAction2D\program\vector2d.h(169,20): warning C4244:         [
C:\Users\kirit\source\repos\WireAction2D\program\vector2d.h(169,20): warning C4244:             N=double
C:\Users\kirit\source\repos\WireAction2D\program\vector2d.h(169,20): warning C4244:         ]
C:\Users\kirit\source\repos\WireAction2D\program\vector2d.h(169,20): warning C4244:         and
C:\Users\kirit\source\repos\WireAction2D\program\vector2d.h(169,20): warning C4244:         [
C:\Users\kirit\source\repos\WireAction2D\program\vector2d.h(169,20): warning C4244:             T=float
C:\Users\kirit\source\repos\WireAction2D\program\vector2d.h(169,20): warning C4244:         ]
  (ソース ファイル 'program/SwingWire.cpp' をコンパイルしています)
      C:\Users\kirit\source\repos\WireAction2D\program\vector2d.h(169,20):
      テンプレートインスタンス化コンテキスト (最初に最も古いもの) は
          C:\Users\kirit\source\repos\WireAction2D\program\RigidbodyComp.h(37,53):
          コンパイル対象の関数 テンプレート インスタンス化 'Vector2D<float> operator *<float,double>(const Vector2D<float> &,const N &)' のリファレンスを確認してください
          with
          [
              N=double
          ]
  
C:\Users\kirit\source\repos\WireAction2D\program\vector2d.h(170,20): warning C4244: '=': 'N' から 'T' への変換です。データが失われる可能性があります。
C:\Users\kirit\source\repos\WireAction2D\program\vector2d.h(170,20): warning C4244:         with
C:\Users\kirit\source\repos\WireAction2D\program\vector2d.h(170,20): warning C4244:         [
C:\Users\kirit\source\repos\WireAction2D\program\vector2d.h(170,20): warning C4244:             N=double
C:\Users\kirit\source\repos\WireAction2D\program\vector2d.h(170,20): warning C4244:         ]
C:\Users\kirit\source\repos\WireAction2D\program\vector2d.h(170,20): warning C4244:         and
C:\Users\kirit\source\repos\WireAction2D\program\vector2d.h(170,20): warning C4244:         [
C:\Users\kirit\source\repos\WireAction2D\program\vector2d.h(170,20): warning C4244:             T=float
C:\Users\kirit\source\repos\WireAction2D\program\vector2d.h(170,20): warning C4244:         ]
  (ソース ファイル 'program/SwingWire.cpp' をコンパイルしています)
  
C:\Users\kirit\source\repos\WireAction2D\program\vector2d.h(209,20): warning C4244: '=': 'N' から 'T' への変換です。データが失われる可能性があります。
C:\Users\kirit\source\repos\WireAction2D\program\vector2d.h(209,20): warning C4244:         with
C:\Users\kirit\source\repos\WireAction2D\program\vector2d.h(209,20): warning C4244:         [
C:\Users\kirit\source\repos\WireAction2D\program\vector2d.h(209,20): warning C4244:             N=double
C:\Users\kirit\source\repos\WireAction2D\program\vector2d.h(209,20): warning C4244:         ]
C:\Users\kirit\source\repos\WireAction2D\program\vector2d.h(209,20): warning C4244:         and
C:\Users\kirit\source\repos\WireAction2D\program\vector2d.h(209,20): warning C4244:         [
C:\Users\kirit\source\repos\WireAction2D\program\vector2d.h(209,20): warning C4244:             T=float
C:\Users\kirit\source\repos\WireAction2D\program\vector2d.h(209,20): warning C4244:         ]
  (ソース ファイル 'program/SwingWire.cpp' をコンパイルしています)
      C:\Users\kirit\source\repos\WireAction2D\program\vector2d.h(209,20):
      テンプレートインスタンス化コンテキスト (最初に最も古いもの) は
          C:\Users\kirit\source\repos\WireAction2D\program\SwingWire.cpp(99,48):
          コンパイル対象の関数 テンプレート インスタンス化 'Vector2D<float> operator /<float,double>(const Vector2D<float> &,const N &)' のリファレンスを確認してください
          with
          [
              N=double
          ]
  
C:\Users\kirit\source\repos\WireAction2D\program\vector2d.h(210,20): warning C4244: '=': 'N' から 'T' への変換です。データが失われる可能性があります。
C:\Users\kirit\source\repos\WireAction2D\program\vector2d.h(210,20): warning C4244:         with
C:\Users\kirit\source\repos\WireAction2D\program\vector2d.h(210,20): warning C4244:         [
C:\Users\kirit\source\repos\WireAction2D\program\vector2d.h(210,20): warning C4244:             N=double
C:\Users\kirit\source\repos\WireAction2D\program\vector2d.h(210,20): warning C4244:         ]
C:\Users\kirit\source\repos\WireAction2D\program\vector2d.h(210,20): warning C4244:         and
C:\Users\kirit\source\repos\WireAction2D\program\vector2d.h(210,20): warning C4244:         [
C:\Users\kirit\source\repos\WireAction2D\program\vector2d.h(210,20): warning C4244:             T=float
C:\Users\kirit\source\repos\WireAction2D\program\vector2d.h(210,20): warning C4244:         ]
  (ソース ファイル 'program/SwingWire.cpp' をコンパイルしています)
  
  sword.cpp
C:\Users\kirit\source\repos\WireAction2D\program\hp.h(47,21): warning C4244: 'return': 'int' から 'float' への変換です。データが失われる可能性があります。
  (ソース ファイル 'program/sword.cpp' をコンパイルしています)
  
C:\Users\kirit\source\repos\WireAction2D\program\health.h(42,19): warning C4244: 'return': 'int' から 'float' への変換です。データが失われる可能性があります。
  (ソース ファイル 'program/sword.cpp' をコンパイルしています)
  
C:\Users\kirit\source\repos\WireAction2D\program\vector2d.h(169,20): warning C4244: '=': 'N' から 'T' への変換です。データが失われる可能性があります。
C:\Users\kirit\source\repos\WireAction2D\program\vector2d.h(169,20): warning C4244:         with
C:\Users\kirit\source\repos\WireAction2D\program\vector2d.h(169,20): warning C4244:         [
C:\Users\kirit\source\repos\WireAction2D\program\vector2d.h(169,20): warning C4244:             N=double
C:\Users\kirit\source\repos\WireAction2D\program\vector2d.h(169,20): warning C4244:         ]
C:\Users\kirit\source\repos\WireAction2D\program\vector2d.h(169,20): warning C4244:         and
C:\Users\kirit\source\repos\WireAction2D\program\vector2d.h(169,20): warning C4244:         [
C:\Users\kirit\source\repos\WireAction2D\program\vector2d.h(169,20): warning C4244:             T=float
C:\Users\kirit\source\repos\WireAction2D\program\vector2d.h(169,20): warning C4244:         ]
  (ソース ファイル 'program/sword.cpp' をコンパイルしています)
      C:\Users\kirit\source\repos\WireAction2D\program\vector2d.h(169,20):
      テンプレートインスタンス化コンテキスト (最初に最も古いもの) は
          C:\Users\kirit\source\repos\WireAction2D\program\RigidbodyComp.h(37,53):
          コンパイル対象の関数 テンプレート インスタンス化 'Vector2D<float> operator *<float,double>(const Vector2D<float> &,const N &)' のリファレンスを確認してください
          with
          [
              N=double
          ]
  
C:\Users\kirit\source\repos\WireAction2D\program\vector2d.h(170,20): warning C4244: '=': 'N' から 'T' への変換です。データが失われる可能性があります。
C:\Users\kirit\source\repos\WireAction2D\program\vector2d.h(170,20): warning C4244:         with
C:\Users\kirit\source\repos\WireAction2D\program\vector2d.h(170,20): warning C4244:         [
C:\Users\kirit\source\repos\WireAction2D\program\vector2d.h(170,20): warning C4244:             N=double
C:\Users\kirit\source\repos\WireAction2D\program\vector2d.h(170,20): warning C4244:         ]
C:\Users\kirit\source\repos\WireAction2D\program\vector2d.h(170,20): warning C4244:         and
C:\Users\kirit\source\repos\WireAction2D\program\vector2d.h(170,20): warning C4244:         [
C:\Users\kirit\source\repos\WireAction2D\program\vector2d.h(170,20): warning C4244:             T=float
C:\Users\kirit\source\repos\WireAction2D\program\vector2d.h(170,20): warning C4244:         ]
  (ソース ファイル 'program/sword.cpp' をコンパイルしています)
  
C:\Users\kirit\source\repos\WireAction2D\program\vector2d.h(220,20): warning C4244: '=': 'T' から 'T' への変換です。データが失われる可能性があります。
C:\Users\kirit\source\repos\WireAction2D\program\vector2d.h(220,20): warning C4244:         with
C:\Users\kirit\source\repos\WireAction2D\program\vector2d.h(220,20): warning C4244:         [
C:\Users\kirit\source\repos\WireAction2D\program\vector2d.h(220,20): warning C4244:             T=float
C:\Users\kirit\source\repos\WireAction2D\program\vector2d.h(220,20): warning C4244:         ]
C:\Users\kirit\source\repos\WireAction2D\program\vector2d.h(220,20): warning C4244:         and
C:\Users\kirit\source\repos\WireAction2D\program\vector2d.h(220,20): warning C4244:         [
C:\Users\kirit\source\repos\WireAction2D\program\vector2d.h(220,20): warning C4244:             T=int
C:\Users\kirit\source\repos\WireAction2D\program\vector2d.h(220,20): warning C4244:         ]
  (ソース ファイル 'program/sword.cpp' をコンパイルしています)
      C:\Users\kirit\source\repos\WireAction2D\program\vector2d.h(220,20):
      テンプレートインスタンス化コンテキスト (最初に最も古いもの) は
          C:\Users\kirit\source\repos\WireAction2D\program\sword.cpp(93,64):
          コンパイル対象の関数 テンプレート インスタンス化 'Vector2D<int> operator /<float>(const Vector2D<float> &,const int &)' のリファレンスを確認してください
  
C:\Users\kirit\source\repos\WireAction2D\program\vector2d.h(221,20): warning C4244: '=': 'T' から 'T' への変換です。データが失われる可能性があります。
C:\Users\kirit\source\repos\WireAction2D\program\vector2d.h(221,20): warning C4244:         with
C:\Users\kirit\source\repos\WireAction2D\program\vector2d.h(221,20): warning C4244:         [
C:\Users\kirit\source\repos\WireAction2D\program\vector2d.h(221,20): warning C4244:             T=float
C:\Users\kirit\source\repos\WireAction2D\program\vector2d.h(221,20): warning C4244:         ]
C:\Users\kirit\source\repos\WireAction2D\program\vector2d.h(221,20): warning C4244:         and
C:\Users\kirit\source\repos\WireAction2D\program\vector2d.h(221,20): warning C4244:         [
C:\Users\kirit\source\repos\WireAction2D\program\vector2d.h(221,20): warning C4244:             T=int
C:\Users\kirit\source\repos\WireAction2D\program\vector2d.h(221,20): warning C4244:         ]
  (ソース ファイル 'program/sword.cpp' をコンパイルしています)
  
  Title.cpp
C:\Users\kirit\source\repos\WireAction2D\program\BoxButton.h(28,61): warning C4267: '引数': 'size_t' から 'int' に変換しました。データが失われているかもしれません。
  (ソース ファイル 'program/Title.cpp' をコンパイルしています)
  
C:\Users\kirit\source\repos\WireAction2D\program\Title.cpp(19,17): warning C4244: '初期化中': 'int' から 'float' への変換です。データが失われる可能性があります。
C:\Users\kirit\source\repos\WireAction2D\program\Title.cpp(20,17): warning C4244: '初期化中': 'int' から 'float' への変換です。データが失われる可能性があります。
C:\Users\kirit\source\repos\WireAction2D\program\Title.cpp(21,20): warning C4305: '初期化中': 'double' から 'float' へ切り詰めます。
C:\Users\kirit\source\repos\WireAction2D\program\Title.cpp(31,26): warning C4244: '引数': 'float' から 'int' への変換です。データが失われる可能性があります。
C:\Users\kirit\source\repos\WireAction2D\program\Title.cpp(31,19): warning C4244: '引数': 'float' から 'int' への変換です。データが失われる可能性があります。
C:\Users\kirit\source\repos\WireAction2D\program\Title.cpp(82,34): warning C4244: '初期化中': 'float' から 'int' への変換です。データが失われる可能性があります。
C:\Users\kirit\source\repos\WireAction2D\program\Title.cpp(83,49): warning C4244: '引数': 'T' から 'int' への変換です。データが失われる可能性があります。
C:\Users\kirit\source\repos\WireAction2D\program\Title.cpp(83,49): warning C4244:         with
C:\Users\kirit\source\repos\WireAction2D\program\Title.cpp(83,49): warning C4244:         [
C:\Users\kirit\source\repos\WireAction2D\program\Title.cpp(83,49): warning C4244:             T=float
C:\Users\kirit\source\repos\WireAction2D\program\Title.cpp(83,49): warning C4244:         ]
C:\Users\kirit\source\repos\WireAction2D\program\Title.cpp(83,39): warning C4244: '引数': 'const T' から 'int' への変換です。データが失われる可能性があります。
C:\Users\kirit\source\repos\WireAction2D\program\Title.cpp(83,39): warning C4244:         with
C:\Users\kirit\source\repos\WireAction2D\program\Title.cpp(83,39): warning C4244:         [
C:\Users\kirit\source\repos\WireAction2D\program\Title.cpp(83,39): warning C4244:             T=float
C:\Users\kirit\source\repos\WireAction2D\program\Title.cpp(83,39): warning C4244:         ]
C:\Users\kirit\source\repos\WireAction2D\program\Title.cpp(83,32): warning C4244: '引数': 'const T' から 'int' への変換です。データが失われる可能性があります。
C:\Users\kirit\source\repos\WireAction2D\program\Title.cpp(83,32): warning C4244:         with
C:\Users\kirit\source\repos\WireAction2D\program\Title.cpp(83,32): warning C4244:         [
C:\Users\kirit\source\repos\WireAction2D\program\Title.cpp(83,32): warning C4244:             T=float
C:\Users\kirit\source\repos\WireAction2D\program\Title.cpp(83,32): warning C4244:         ]
C:\Users\kirit\source\repos\WireAction2D\program\Title.cpp(83,25): warning C4244: '引数': 'const T' から 'int' への変換です。データが失われる可能性があります。
C:\Users\kirit\source\repos\WireAction2D\program\Title.cpp(83,25): warning C4244:         with
C:\Users\kirit\source\repos\WireAction2D\program\Title.cpp(83,25): warning C4244:         [
C:\Users\kirit\source\repos\WireAction2D\program\Title.cpp(83,25): warning C4244:             T=float
C:\Users\kirit\source\repos\WireAction2D\program\Title.cpp(83,25): warning C4244:         ]
C:\Users\kirit\source\repos\WireAction2D\program\Title.cpp(84,67): warning C4244: '引数': 'T' から 'int' への変換です。データが失われる可能性があります。
C:\Users\kirit\source\repos\WireAction2D\program\Title.cpp(84,67): warning C4244:         with
C:\Users\kirit\source\repos\WireAction2D\program\Title.cpp(84,67): warning C4244:         [
C:\Users\kirit\source\repos\WireAction2D\program\Title.cpp(84,67): warning C4244:             T=float
C:\Users\kirit\source\repos\WireAction2D\program\Title.cpp(84,67): warning C4244:         ]
C:\Users\kirit\source\repos\WireAction2D\program\Title.cpp(84,51): warning C4244: '引数': 'T' から 'int' への変換です。データが失われる可能性があります。
C:\Users\kirit\source\repos\WireAction2D\program\Title.cpp(84,51): warning C4244:         with
C:\Users\kirit\source\repos\WireAction2D\program\Title.cpp(84,51): warning C4244:         [
C:\Users\kirit\source\repos\WireAction2D\program\Title.cpp(84,51): warning C4244:             T=float
C:\Users\kirit\source\repos\WireAction2D\program\Title.cpp(84,51): warning C4244:         ]
C:\Users\kirit\source\repos\WireAction2D\program\Title.cpp(84,41): warning C4244: '引数': 'const T' から 'int' への変換です。データが失われる可能性があります。
C:\Users\kirit\source\repos\WireAction2D\program\Title.cpp(84,41): warning C4244:         with
C:\Users\kirit\source\repos\WireAction2D\program\Title.cpp(84,41): warning C4244:         [
C:\Users\kirit\source\repos\WireAction2D\program\Title.cpp(84,41): warning C4244:             T=float
C:\Users\kirit\source\repos\WireAction2D\program\Title.cpp(84,41): warning C4244:         ]
C:\Users\kirit\source\repos\WireAction2D\program\Title.cpp(84,28): warning C4244: '引数': 'T' から 'int' への変換です。データが失われる可能性があります。
C:\Users\kirit\source\repos\WireAction2D\program\Title.cpp(84,28): warning C4244:         with
C:\Users\kirit\source\repos\WireAction2D\program\Title.cpp(84,28): warning C4244:         [
C:\Users\kirit\source\repos\WireAction2D\program\Title.cpp(84,28): warning C4244:             T=float
C:\Users\kirit\source\repos\WireAction2D\program\Title.cpp(84,28): warning C4244:         ]
  TutorialScene.cpp
C:\Users\kirit\source\repos\WireAction2D\program\vector2d.h(220,20): warning C4244: '=': 'T' から 'T' への変換です。データが失われる可能性があります。
C:\Users\kirit\source\repos\WireAction2D\program\vector2d.h(220,20): warning C4244:         with
C:\Users\kirit\source\repos\WireAction2D\program\vector2d.h(220,20): warning C4244:         [
C:\Users\kirit\source\repos\WireAction2D\program\vector2d.h(220,20): warning C4244:             T=float
C:\Users\kirit\source\repos\WireAction2D\program\vector2d.h(220,20): warning C4244:         ]
C:\Users\kirit\source\repos\WireAction2D\program\vector2d.h(220,20): warning C4244:         and
C:\Users\kirit\source\repos\WireAction2D\program\vector2d.h(220,20): warning C4244:         [
C:\Users\kirit\source\repos\WireAction2D\program\vector2d.h(220,20): warning C4244:             T=int
C:\Users\kirit\source\repos\WireAction2D\program\vector2d.h(220,20): warning C4244:         ]
  (ソース ファイル 'program/TutorialScene.cpp' をコンパイルしています)
      C:\Users\kirit\source\repos\WireAction2D\program\vector2d.h(220,20):
      テンプレートインスタンス化コンテキスト (最初に最も古いもの) は
          C:\Users\kirit\source\repos\WireAction2D\program\TutorialScene.cpp(20,97):
          コンパイル対象の関数 テンプレート インスタンス化 'Vector2D<int> operator /<float>(const Vector2D<float> &,const int &)' のリファレンスを確認してください
  
C:\Users\kirit\source\repos\WireAction2D\program\vector2d.h(221,20): warning C4244: '=': 'T' から 'T' への変換です。データが失われる可能性があります。
C:\Users\kirit\source\repos\WireAction2D\program\vector2d.h(221,20): warning C4244:         with
C:\Users\kirit\source\repos\WireAction2D\program\vector2d.h(221,20): warning C4244:         [
C:\Users\kirit\source\repos\WireAction2D\program\vector2d.h(221,20): warning C4244:             T=float
C:\Users\kirit\source\repos\WireAction2D\program\vector2d.h(221,20): warning C4244:         ]
C:\Users\kirit\source\repos\WireAction2D\program\vector2d.h(221,20): warning C4244:         and
C:\Users\kirit\source\repos\WireAction2D\program\vector2d.h(221,20): warning C4244:         [
C:\Users\kirit\source\repos\WireAction2D\program\vector2d.h(221,20): warning C4244:             T=int
C:\Users\kirit\source\repos\WireAction2D\program\vector2d.h(221,20): warning C4244:         ]
  (ソース ファイル 'program/TutorialScene.cpp' をコンパイルしています)
  
  コード生成しています。
  299 of 3907 functions ( 7.7%) were compiled, the rest were copied from previous compilation.
    53 functions were new in current compilation
    538 functions had inline decision re-evaluated but remain unchanged
  コード生成が終了しました。
  DxlibBase.vcxproj -> C:\Users\kirit\Source\Repos\WireAction2D\x64\Release\Wire Action.exe
